<?xml version="1.0" encoding="UTF-8"?>
<testsuite xmlns:xsi="http://www.w3.org/2001/XMLSchema-instance" xsi:noNamespaceSchemaLocation="https://maven.apache.org/surefire/maven-surefire-plugin/xsd/surefire-test-report-3.0.xsd" version="3.0" name="com.example.SpringbootApplicationTests" time="4.037" tests="1" errors="0" skipped="0" failures="0">
  <properties>
    <property name="java.specification.version" value="17"/>
    <property name="sun.cpu.isalist" value="amd64"/>
    <property name="sun.jnu.encoding" value="GBK"/>
    <property name="java.class.path" value="C:\Users\LYZ\IdeaProjects\springboot\target\test-classes;C:\Users\LYZ\IdeaProjects\springboot\target\classes;C:\Users\LYZ\Java\apache-maven-3.9.4\mvn_repo\org\springframework\boot\spring-boot-starter-web\3.2.5\spring-boot-starter-web-3.2.5.jar;C:\Users\LYZ\Java\apache-maven-3.9.4\mvn_repo\org\springframework\boot\spring-boot-starter\3.2.5\spring-boot-starter-3.2.5.jar;C:\Users\LYZ\Java\apache-maven-3.9.4\mvn_repo\org\springframework\boot\spring-boot\3.2.5\spring-boot-3.2.5.jar;C:\Users\LYZ\Java\apache-maven-3.9.4\mvn_repo\org\springframework\boot\spring-boot-autoconfigure\3.2.5\spring-boot-autoconfigure-3.2.5.jar;C:\Users\LYZ\Java\apache-maven-3.9.4\mvn_repo\org\springframework\boot\spring-boot-starter-logging\3.2.5\spring-boot-starter-logging-3.2.5.jar;C:\Users\LYZ\Java\apache-maven-3.9.4\mvn_repo\ch\qos\logback\logback-classic\1.4.14\logback-classic-1.4.14.jar;C:\Users\LYZ\Java\apache-maven-3.9.4\mvn_repo\ch\qos\logback\logback-core\1.4.14\logback-core-1.4.14.jar;C:\Users\LYZ\Java\apache-maven-3.9.4\mvn_repo\org\apache\logging\log4j\log4j-to-slf4j\2.21.1\log4j-to-slf4j-2.21.1.jar;C:\Users\LYZ\Java\apache-maven-3.9.4\mvn_repo\org\apache\logging\log4j\log4j-api\2.21.1\log4j-api-2.21.1.jar;C:\Users\LYZ\Java\apache-maven-3.9.4\mvn_repo\org\slf4j\jul-to-slf4j\2.0.13\jul-to-slf4j-2.0.13.jar;C:\Users\LYZ\Java\apache-maven-3.9.4\mvn_repo\jakarta\annotation\jakarta.annotation-api\2.1.1\jakarta.annotation-api-2.1.1.jar;C:\Users\LYZ\Java\apache-maven-3.9.4\mvn_repo\org\yaml\snakeyaml\2.2\snakeyaml-2.2.jar;C:\Users\LYZ\Java\apache-maven-3.9.4\mvn_repo\org\springframework\boot\spring-boot-starter-json\3.2.5\spring-boot-starter-json-3.2.5.jar;C:\Users\LYZ\Java\apache-maven-3.9.4\mvn_repo\com\fasterxml\jackson\core\jackson-databind\2.15.4\jackson-databind-2.15.4.jar;C:\Users\LYZ\Java\apache-maven-3.9.4\mvn_repo\com\fasterxml\jackson\core\jackson-annotations\2.15.4\jackson-annotations-2.15.4.jar;C:\Users\LYZ\Java\apache-maven-3.9.4\mvn_repo\com\fasterxml\jackson\core\jackson-core\2.15.4\jackson-core-2.15.4.jar;C:\Users\LYZ\Java\apache-maven-3.9.4\mvn_repo\com\fasterxml\jackson\datatype\jackson-datatype-jdk8\2.15.4\jackson-datatype-jdk8-2.15.4.jar;C:\Users\LYZ\Java\apache-maven-3.9.4\mvn_repo\com\fasterxml\jackson\datatype\jackson-datatype-jsr310\2.15.4\jackson-datatype-jsr310-2.15.4.jar;C:\Users\LYZ\Java\apache-maven-3.9.4\mvn_repo\com\fasterxml\jackson\module\jackson-module-parameter-names\2.15.4\jackson-module-parameter-names-2.15.4.jar;C:\Users\LYZ\Java\apache-maven-3.9.4\mvn_repo\org\springframework\boot\spring-boot-starter-tomcat\3.2.5\spring-boot-starter-tomcat-3.2.5.jar;C:\Users\LYZ\Java\apache-maven-3.9.4\mvn_repo\org\apache\tomcat\embed\tomcat-embed-core\10.1.20\tomcat-embed-core-10.1.20.jar;C:\Users\LYZ\Java\apache-maven-3.9.4\mvn_repo\org\apache\tomcat\embed\tomcat-embed-el\10.1.20\tomcat-embed-el-10.1.20.jar;C:\Users\LYZ\Java\apache-maven-3.9.4\mvn_repo\org\apache\tomcat\embed\tomcat-embed-websocket\10.1.20\tomcat-embed-websocket-10.1.20.jar;C:\Users\LYZ\Java\apache-maven-3.9.4\mvn_repo\org\springframework\spring-web\6.1.6\spring-web-6.1.6.jar;C:\Users\LYZ\Java\apache-maven-3.9.4\mvn_repo\org\springframework\spring-beans\6.1.6\spring-beans-6.1.6.jar;C:\Users\LYZ\Java\apache-maven-3.9.4\mvn_repo\io\micrometer\micrometer-observation\1.12.5\micrometer-observation-1.12.5.jar;C:\Users\LYZ\Java\apache-maven-3.9.4\mvn_repo\io\micrometer\micrometer-commons\1.12.5\micrometer-commons-1.12.5.jar;C:\Users\LYZ\Java\apache-maven-3.9.4\mvn_repo\org\springframework\spring-webmvc\6.1.6\spring-webmvc-6.1.6.jar;C:\Users\LYZ\Java\apache-maven-3.9.4\mvn_repo\org\springframework\spring-aop\6.1.6\spring-aop-6.1.6.jar;C:\Users\LYZ\Java\apache-maven-3.9.4\mvn_repo\org\springframework\spring-context\6.1.6\spring-context-6.1.6.jar;C:\Users\LYZ\Java\apache-maven-3.9.4\mvn_repo\org\springframework\spring-expression\6.1.6\spring-expression-6.1.6.jar;C:\Users\LYZ\Java\apache-maven-3.9.4\mvn_repo\org\springframework\boot\spring-boot-starter-test\3.2.5\spring-boot-starter-test-3.2.5.jar;C:\Users\LYZ\Java\apache-maven-3.9.4\mvn_repo\org\springframework\boot\spring-boot-test\3.2.5\spring-boot-test-3.2.5.jar;C:\Users\LYZ\Java\apache-maven-3.9.4\mvn_repo\org\springframework\boot\spring-boot-test-autoconfigure\3.2.5\spring-boot-test-autoconfigure-3.2.5.jar;C:\Users\LYZ\Java\apache-maven-3.9.4\mvn_repo\com\jayway\jsonpath\json-path\2.9.0\json-path-2.9.0.jar;C:\Users\LYZ\Java\apache-maven-3.9.4\mvn_repo\org\slf4j\slf4j-api\2.0.13\slf4j-api-2.0.13.jar;C:\Users\LYZ\Java\apache-maven-3.9.4\mvn_repo\jakarta\xml\bind\jakarta.xml.bind-api\4.0.2\jakarta.xml.bind-api-4.0.2.jar;C:\Users\LYZ\Java\apache-maven-3.9.4\mvn_repo\jakarta\activation\jakarta.activation-api\2.1.3\jakarta.activation-api-2.1.3.jar;C:\Users\LYZ\Java\apache-maven-3.9.4\mvn_repo\net\minidev\json-smart\2.5.1\json-smart-2.5.1.jar;C:\Users\LYZ\Java\apache-maven-3.9.4\mvn_repo\net\minidev\accessors-smart\2.5.1\accessors-smart-2.5.1.jar;C:\Users\LYZ\Java\apache-maven-3.9.4\mvn_repo\org\ow2\asm\asm\9.6\asm-9.6.jar;C:\Users\LYZ\Java\apache-maven-3.9.4\mvn_repo\org\assertj\assertj-core\3.24.2\assertj-core-3.24.2.jar;C:\Users\LYZ\Java\apache-maven-3.9.4\mvn_repo\net\bytebuddy\byte-buddy\1.14.13\byte-buddy-1.14.13.jar;C:\Users\LYZ\Java\apache-maven-3.9.4\mvn_repo\org\awaitility\awaitility\4.2.1\awaitility-4.2.1.jar;C:\Users\LYZ\Java\apache-maven-3.9.4\mvn_repo\org\hamcrest\hamcrest\2.2\hamcrest-2.2.jar;C:\Users\LYZ\Java\apache-maven-3.9.4\mvn_repo\org\junit\jupiter\junit-jupiter\5.10.2\junit-jupiter-5.10.2.jar;C:\Users\LYZ\Java\apache-maven-3.9.4\mvn_repo\org\junit\jupiter\junit-jupiter-api\5.10.2\junit-jupiter-api-5.10.2.jar;C:\Users\LYZ\Java\apache-maven-3.9.4\mvn_repo\org\opentest4j\opentest4j\1.3.0\opentest4j-1.3.0.jar;C:\Users\LYZ\Java\apache-maven-3.9.4\mvn_repo\org\junit\platform\junit-platform-commons\1.10.2\junit-platform-commons-1.10.2.jar;C:\Users\LYZ\Java\apache-maven-3.9.4\mvn_repo\org\apiguardian\apiguardian-api\1.1.2\apiguardian-api-1.1.2.jar;C:\Users\LYZ\Java\apache-maven-3.9.4\mvn_repo\org\junit\jupiter\junit-jupiter-params\5.10.2\junit-jupiter-params-5.10.2.jar;C:\Users\LYZ\Java\apache-maven-3.9.4\mvn_repo\org\junit\jupiter\junit-jupiter-engine\5.10.2\junit-jupiter-engine-5.10.2.jar;C:\Users\LYZ\Java\apache-maven-3.9.4\mvn_repo\org\junit\platform\junit-platform-engine\1.10.2\junit-platform-engine-1.10.2.jar;C:\Users\LYZ\Java\apache-maven-3.9.4\mvn_repo\org\mockito\mockito-core\5.7.0\mockito-core-5.7.0.jar;C:\Users\LYZ\Java\apache-maven-3.9.4\mvn_repo\net\bytebuddy\byte-buddy-agent\1.14.13\byte-buddy-agent-1.14.13.jar;C:\Users\LYZ\Java\apache-maven-3.9.4\mvn_repo\org\objenesis\objenesis\3.3\objenesis-3.3.jar;C:\Users\LYZ\Java\apache-maven-3.9.4\mvn_repo\org\mockito\mockito-junit-jupiter\5.7.0\mockito-junit-jupiter-5.7.0.jar;C:\Users\LYZ\Java\apache-maven-3.9.4\mvn_repo\org\skyscreamer\jsonassert\1.5.1\jsonassert-1.5.1.jar;C:\Users\LYZ\Java\apache-maven-3.9.4\mvn_repo\com\vaadin\external\google\android-json\0.0.20131108.vaadin1\android-json-0.0.20131108.vaadin1.jar;C:\Users\LYZ\Java\apache-maven-3.9.4\mvn_repo\org\springframework\spring-core\6.1.6\spring-core-6.1.6.jar;C:\Users\LYZ\Java\apache-maven-3.9.4\mvn_repo\org\springframework\spring-jcl\6.1.6\spring-jcl-6.1.6.jar;C:\Users\LYZ\Java\apache-maven-3.9.4\mvn_repo\org\springframework\spring-test\6.1.6\spring-test-6.1.6.jar;C:\Users\LYZ\Java\apache-maven-3.9.4\mvn_repo\org\xmlunit\xmlunit-core\2.9.1\xmlunit-core-2.9.1.jar;C:\Users\LYZ\Java\apache-maven-3.9.4\mvn_repo\com\aliyun\oss\aliyun-sdk-oss\3.15.1\aliyun-sdk-oss-3.15.1.jar;C:\Users\LYZ\Java\apache-maven-3.9.4\mvn_repo\org\apache\httpcomponents\httpclient\4.4.1\httpclient-4.4.1.jar;C:\Users\LYZ\Java\apache-maven-3.9.4\mvn_repo\org\apache\httpcomponents\httpcore\4.4.16\httpcore-4.4.16.jar;C:\Users\LYZ\Java\apache-maven-3.9.4\mvn_repo\commons-logging\commons-logging\1.2\commons-logging-1.2.jar;C:\Users\LYZ\Java\apache-maven-3.9.4\mvn_repo\commons-codec\commons-codec\1.16.1\commons-codec-1.16.1.jar;C:\Users\LYZ\Java\apache-maven-3.9.4\mvn_repo\org\jdom\jdom2\2.0.6.1\jdom2-2.0.6.1.jar;C:\Users\LYZ\Java\apache-maven-3.9.4\mvn_repo\org\codehaus\jettison\jettison\1.1\jettison-1.1.jar;C:\Users\LYZ\Java\apache-maven-3.9.4\mvn_repo\stax\stax-api\1.0.1\stax-api-1.0.1.jar;C:\Users\LYZ\Java\apache-maven-3.9.4\mvn_repo\com\aliyun\aliyun-java-sdk-core\4.5.10\aliyun-java-sdk-core-4.5.10.jar;C:\Users\LYZ\Java\apache-maven-3.9.4\mvn_repo\com\google\code\gson\gson\2.10.1\gson-2.10.1.jar;C:\Users\LYZ\Java\apache-maven-3.9.4\mvn_repo\org\jacoco\org.jacoco.agent\0.8.5\org.jacoco.agent-0.8.5-runtime.jar;C:\Users\LYZ\Java\apache-maven-3.9.4\mvn_repo\org\ini4j\ini4j\0.5.4\ini4j-0.5.4.jar;C:\Users\LYZ\Java\apache-maven-3.9.4\mvn_repo\io\opentracing\opentracing-api\0.33.0\opentracing-api-0.33.0.jar;C:\Users\LYZ\Java\apache-maven-3.9.4\mvn_repo\io\opentracing\opentracing-util\0.33.0\opentracing-util-0.33.0.jar;C:\Users\LYZ\Java\apache-maven-3.9.4\mvn_repo\io\opentracing\opentracing-noop\0.33.0\opentracing-noop-0.33.0.jar;C:\Users\LYZ\Java\apache-maven-3.9.4\mvn_repo\com\aliyun\aliyun-java-sdk-ram\3.1.0\aliyun-java-sdk-ram-3.1.0.jar;C:\Users\LYZ\Java\apache-maven-3.9.4\mvn_repo\com\aliyun\aliyun-java-sdk-kms\2.11.0\aliyun-java-sdk-kms-2.11.0.jar;C:\Users\LYZ\Java\apache-maven-3.9.4\mvn_repo\javax\xml\bind\jaxb-api\2.3.1\jaxb-api-2.3.1.jar;C:\Users\LYZ\Java\apache-maven-3.9.4\mvn_repo\javax\activation\javax.activation-api\1.2.0\javax.activation-api-1.2.0.jar;C:\Users\LYZ\Java\apache-maven-3.9.4\mvn_repo\javax\activation\activation\1.1.1\activation-1.1.1.jar;C:\Users\LYZ\Java\apache-maven-3.9.4\mvn_repo\org\glassfish\jaxb\jaxb-runtime\2.3.3\jaxb-runtime-2.3.3.jar;C:\Users\LYZ\Java\apache-maven-3.9.4\mvn_repo\org\glassfish\jaxb\txw2\4.0.5\txw2-4.0.5.jar;C:\Users\LYZ\Java\apache-maven-3.9.4\mvn_repo\com\sun\istack\istack-commons-runtime\4.1.2\istack-commons-runtime-4.1.2.jar;C:\Users\LYZ\Java\apache-maven-3.9.4\mvn_repo\com\sun\activation\jakarta.activation\1.2.2\jakarta.activation-1.2.2.jar;C:\Users\LYZ\Java\apache-maven-3.9.4\mvn_repo\org\springframework\boot\spring-boot-configuration-processor\3.2.5\spring-boot-configuration-processor-3.2.5.jar;C:\Users\LYZ\Java\apache-maven-3.9.4\mvn_repo\org\projectlombok\lombok\1.18.32\lombok-1.18.32.jar;"/>
    <property name="java.vm.vendor" value="Oracle Corporation"/>
    <property name="sun.arch.data.model" value="64"/>
    <property name="user.variant" value=""/>
    <property name="java.vendor.url" value="https://java.oracle.com/"/>
    <property name="user.timezone" value="GMT+08:00"/>
    <property name="os.name" value="Windows 10"/>
    <property name="java.vm.specification.version" value="17"/>
    <property name="sun.java.launcher" value="SUN_STANDARD"/>
    <property name="user.country" value="CN"/>
    <property name="sun.boot.library.path" value="C:\Users\LYZ\Java\JDK\jdk17\bin"/>
    <property name="sun.java.command" value="C:\Windows\Temp\surefire631760908580826370\surefirebooter-20240528170548245_3.jar C:\Windows\Temp\surefire631760908580826370 2024-05-28T17-05-47_998-jvmRun1 surefire-20240528170548245_1tmp surefire_0-20240528170548245_2tmp"/>
    <property name="jdk.debug" value="release"/>
    <property name="surefire.test.class.path" value="C:\Users\LYZ\IdeaProjects\springboot\target\test-classes;C:\Users\LYZ\IdeaProjects\springboot\target\classes;C:\Users\LYZ\Java\apache-maven-3.9.4\mvn_repo\org\springframework\boot\spring-boot-starter-web\3.2.5\spring-boot-starter-web-3.2.5.jar;C:\Users\LYZ\Java\apache-maven-3.9.4\mvn_repo\org\springframework\boot\spring-boot-starter\3.2.5\spring-boot-starter-3.2.5.jar;C:\Users\LYZ\Java\apache-maven-3.9.4\mvn_repo\org\springframework\boot\spring-boot\3.2.5\spring-boot-3.2.5.jar;C:\Users\LYZ\Java\apache-maven-3.9.4\mvn_repo\org\springframework\boot\spring-boot-autoconfigure\3.2.5\spring-boot-autoconfigure-3.2.5.jar;C:\Users\LYZ\Java\apache-maven-3.9.4\mvn_repo\org\springframework\boot\spring-boot-starter-logging\3.2.5\spring-boot-starter-logging-3.2.5.jar;C:\Users\LYZ\Java\apache-maven-3.9.4\mvn_repo\ch\qos\logback\logback-classic\1.4.14\logback-classic-1.4.14.jar;C:\Users\LYZ\Java\apache-maven-3.9.4\mvn_repo\ch\qos\logback\logback-core\1.4.14\logback-core-1.4.14.jar;C:\Users\LYZ\Java\apache-maven-3.9.4\mvn_repo\org\apache\logging\log4j\log4j-to-slf4j\2.21.1\log4j-to-slf4j-2.21.1.jar;C:\Users\LYZ\Java\apache-maven-3.9.4\mvn_repo\org\apache\logging\log4j\log4j-api\2.21.1\log4j-api-2.21.1.jar;C:\Users\LYZ\Java\apache-maven-3.9.4\mvn_repo\org\slf4j\jul-to-slf4j\2.0.13\jul-to-slf4j-2.0.13.jar;C:\Users\LYZ\Java\apache-maven-3.9.4\mvn_repo\jakarta\annotation\jakarta.annotation-api\2.1.1\jakarta.annotation-api-2.1.1.jar;C:\Users\LYZ\Java\apache-maven-3.9.4\mvn_repo\org\yaml\snakeyaml\2.2\snakeyaml-2.2.jar;C:\Users\LYZ\Java\apache-maven-3.9.4\mvn_repo\org\springframework\boot\spring-boot-starter-json\3.2.5\spring-boot-starter-json-3.2.5.jar;C:\Users\LYZ\Java\apache-maven-3.9.4\mvn_repo\com\fasterxml\jackson\core\jackson-databind\2.15.4\jackson-databind-2.15.4.jar;C:\Users\LYZ\Java\apache-maven-3.9.4\mvn_repo\com\fasterxml\jackson\core\jackson-annotations\2.15.4\jackson-annotations-2.15.4.jar;C:\Users\LYZ\Java\apache-maven-3.9.4\mvn_repo\com\fasterxml\jackson\core\jackson-core\2.15.4\jackson-core-2.15.4.jar;C:\Users\LYZ\Java\apache-maven-3.9.4\mvn_repo\com\fasterxml\jackson\datatype\jackson-datatype-jdk8\2.15.4\jackson-datatype-jdk8-2.15.4.jar;C:\Users\LYZ\Java\apache-maven-3.9.4\mvn_repo\com\fasterxml\jackson\datatype\jackson-datatype-jsr310\2.15.4\jackson-datatype-jsr310-2.15.4.jar;C:\Users\LYZ\Java\apache-maven-3.9.4\mvn_repo\com\fasterxml\jackson\module\jackson-module-parameter-names\2.15.4\jackson-module-parameter-names-2.15.4.jar;C:\Users\LYZ\Java\apache-maven-3.9.4\mvn_repo\org\springframework\boot\spring-boot-starter-tomcat\3.2.5\spring-boot-starter-tomcat-3.2.5.jar;C:\Users\LYZ\Java\apache-maven-3.9.4\mvn_repo\org\apache\tomcat\embed\tomcat-embed-core\10.1.20\tomcat-embed-core-10.1.20.jar;C:\Users\LYZ\Java\apache-maven-3.9.4\mvn_repo\org\apache\tomcat\embed\tomcat-embed-el\10.1.20\tomcat-embed-el-10.1.20.jar;C:\Users\LYZ\Java\apache-maven-3.9.4\mvn_repo\org\apache\tomcat\embed\tomcat-embed-websocket\10.1.20\tomcat-embed-websocket-10.1.20.jar;C:\Users\LYZ\Java\apache-maven-3.9.4\mvn_repo\org\springframework\spring-web\6.1.6\spring-web-6.1.6.jar;C:\Users\LYZ\Java\apache-maven-3.9.4\mvn_repo\org\springframework\spring-beans\6.1.6\spring-beans-6.1.6.jar;C:\Users\LYZ\Java\apache-maven-3.9.4\mvn_repo\io\micrometer\micrometer-observation\1.12.5\micrometer-observation-1.12.5.jar;C:\Users\LYZ\Java\apache-maven-3.9.4\mvn_repo\io\micrometer\micrometer-commons\1.12.5\micrometer-commons-1.12.5.jar;C:\Users\LYZ\Java\apache-maven-3.9.4\mvn_repo\org\springframework\spring-webmvc\6.1.6\spring-webmvc-6.1.6.jar;C:\Users\LYZ\Java\apache-maven-3.9.4\mvn_repo\org\springframework\spring-aop\6.1.6\spring-aop-6.1.6.jar;C:\Users\LYZ\Java\apache-maven-3.9.4\mvn_repo\org\springframework\spring-context\6.1.6\spring-context-6.1.6.jar;C:\Users\LYZ\Java\apache-maven-3.9.4\mvn_repo\org\springframework\spring-expression\6.1.6\spring-expression-6.1.6.jar;C:\Users\LYZ\Java\apache-maven-3.9.4\mvn_repo\org\springframework\boot\spring-boot-starter-test\3.2.5\spring-boot-starter-test-3.2.5.jar;C:\Users\LYZ\Java\apache-maven-3.9.4\mvn_repo\org\springframework\boot\spring-boot-test\3.2.5\spring-boot-test-3.2.5.jar;C:\Users\LYZ\Java\apache-maven-3.9.4\mvn_repo\org\springframework\boot\spring-boot-test-autoconfigure\3.2.5\spring-boot-test-autoconfigure-3.2.5.jar;C:\Users\LYZ\Java\apache-maven-3.9.4\mvn_repo\com\jayway\jsonpath\json-path\2.9.0\json-path-2.9.0.jar;C:\Users\LYZ\Java\apache-maven-3.9.4\mvn_repo\org\slf4j\slf4j-api\2.0.13\slf4j-api-2.0.13.jar;C:\Users\LYZ\Java\apache-maven-3.9.4\mvn_repo\jakarta\xml\bind\jakarta.xml.bind-api\4.0.2\jakarta.xml.bind-api-4.0.2.jar;C:\Users\LYZ\Java\apache-maven-3.9.4\mvn_repo\jakarta\activation\jakarta.activation-api\2.1.3\jakarta.activation-api-2.1.3.jar;C:\Users\LYZ\Java\apache-maven-3.9.4\mvn_repo\net\minidev\json-smart\2.5.1\json-smart-2.5.1.jar;C:\Users\LYZ\Java\apache-maven-3.9.4\mvn_repo\net\minidev\accessors-smart\2.5.1\accessors-smart-2.5.1.jar;C:\Users\LYZ\Java\apache-maven-3.9.4\mvn_repo\org\ow2\asm\asm\9.6\asm-9.6.jar;C:\Users\LYZ\Java\apache-maven-3.9.4\mvn_repo\org\assertj\assertj-core\3.24.2\assertj-core-3.24.2.jar;C:\Users\LYZ\Java\apache-maven-3.9.4\mvn_repo\net\bytebuddy\byte-buddy\1.14.13\byte-buddy-1.14.13.jar;C:\Users\LYZ\Java\apache-maven-3.9.4\mvn_repo\org\awaitility\awaitility\4.2.1\awaitility-4.2.1.jar;C:\Users\LYZ\Java\apache-maven-3.9.4\mvn_repo\org\hamcrest\hamcrest\2.2\hamcrest-2.2.jar;C:\Users\LYZ\Java\apache-maven-3.9.4\mvn_repo\org\junit\jupiter\junit-jupiter\5.10.2\junit-jupiter-5.10.2.jar;C:\Users\LYZ\Java\apache-maven-3.9.4\mvn_repo\org\junit\jupiter\junit-jupiter-api\5.10.2\junit-jupiter-api-5.10.2.jar;C:\Users\LYZ\Java\apache-maven-3.9.4\mvn_repo\org\opentest4j\opentest4j\1.3.0\opentest4j-1.3.0.jar;C:\Users\LYZ\Java\apache-maven-3.9.4\mvn_repo\org\junit\platform\junit-platform-commons\1.10.2\junit-platform-commons-1.10.2.jar;C:\Users\LYZ\Java\apache-maven-3.9.4\mvn_repo\org\apiguardian\apiguardian-api\1.1.2\apiguardian-api-1.1.2.jar;C:\Users\LYZ\Java\apache-maven-3.9.4\mvn_repo\org\junit\jupiter\junit-jupiter-params\5.10.2\junit-jupiter-params-5.10.2.jar;C:\Users\LYZ\Java\apache-maven-3.9.4\mvn_repo\org\junit\jupiter\junit-jupiter-engine\5.10.2\junit-jupiter-engine-5.10.2.jar;C:\Users\LYZ\Java\apache-maven-3.9.4\mvn_repo\org\junit\platform\junit-platform-engine\1.10.2\junit-platform-engine-1.10.2.jar;C:\Users\LYZ\Java\apache-maven-3.9.4\mvn_repo\org\mockito\mockito-core\5.7.0\mockito-core-5.7.0.jar;C:\Users\LYZ\Java\apache-maven-3.9.4\mvn_repo\net\bytebuddy\byte-buddy-agent\1.14.13\byte-buddy-agent-1.14.13.jar;C:\Users\LYZ\Java\apache-maven-3.9.4\mvn_repo\org\objenesis\objenesis\3.3\objenesis-3.3.jar;C:\Users\LYZ\Java\apache-maven-3.9.4\mvn_repo\org\mockito\mockito-junit-jupiter\5.7.0\mockito-junit-jupiter-5.7.0.jar;C:\Users\LYZ\Java\apache-maven-3.9.4\mvn_repo\org\skyscreamer\jsonassert\1.5.1\jsonassert-1.5.1.jar;C:\Users\LYZ\Java\apache-maven-3.9.4\mvn_repo\com\vaadin\external\google\android-json\0.0.20131108.vaadin1\android-json-0.0.20131108.vaadin1.jar;C:\Users\LYZ\Java\apache-maven-3.9.4\mvn_repo\org\springframework\spring-core\6.1.6\spring-core-6.1.6.jar;C:\Users\LYZ\Java\apache-maven-3.9.4\mvn_repo\org\springframework\spring-jcl\6.1.6\spring-jcl-6.1.6.jar;C:\Users\LYZ\Java\apache-maven-3.9.4\mvn_repo\org\springframework\spring-test\6.1.6\spring-test-6.1.6.jar;C:\Users\LYZ\Java\apache-maven-3.9.4\mvn_repo\org\xmlunit\xmlunit-core\2.9.1\xmlunit-core-2.9.1.jar;C:\Users\LYZ\Java\apache-maven-3.9.4\mvn_repo\com\aliyun\oss\aliyun-sdk-oss\3.15.1\aliyun-sdk-oss-3.15.1.jar;C:\Users\LYZ\Java\apache-maven-3.9.4\mvn_repo\org\apache\httpcomponents\httpclient\4.4.1\httpclient-4.4.1.jar;C:\Users\LYZ\Java\apache-maven-3.9.4\mvn_repo\org\apache\httpcomponents\httpcore\4.4.16\httpcore-4.4.16.jar;C:\Users\LYZ\Java\apache-maven-3.9.4\mvn_repo\commons-logging\commons-logging\1.2\commons-logging-1.2.jar;C:\Users\LYZ\Java\apache-maven-3.9.4\mvn_repo\commons-codec\commons-codec\1.16.1\commons-codec-1.16.1.jar;C:\Users\LYZ\Java\apache-maven-3.9.4\mvn_repo\org\jdom\jdom2\2.0.6.1\jdom2-2.0.6.1.jar;C:\Users\LYZ\Java\apache-maven-3.9.4\mvn_repo\org\codehaus\jettison\jettison\1.1\jettison-1.1.jar;C:\Users\LYZ\Java\apache-maven-3.9.4\mvn_repo\stax\stax-api\1.0.1\stax-api-1.0.1.jar;C:\Users\LYZ\Java\apache-maven-3.9.4\mvn_repo\com\aliyun\aliyun-java-sdk-core\4.5.10\aliyun-java-sdk-core-4.5.10.jar;C:\Users\LYZ\Java\apache-maven-3.9.4\mvn_repo\com\google\code\gson\gson\2.10.1\gson-2.10.1.jar;C:\Users\LYZ\Java\apache-maven-3.9.4\mvn_repo\org\jacoco\org.jacoco.agent\0.8.5\org.jacoco.agent-0.8.5-runtime.jar;C:\Users\LYZ\Java\apache-maven-3.9.4\mvn_repo\org\ini4j\ini4j\0.5.4\ini4j-0.5.4.jar;C:\Users\LYZ\Java\apache-maven-3.9.4\mvn_repo\io\opentracing\opentracing-api\0.33.0\opentracing-api-0.33.0.jar;C:\Users\LYZ\Java\apache-maven-3.9.4\mvn_repo\io\opentracing\opentracing-util\0.33.0\opentracing-util-0.33.0.jar;C:\Users\LYZ\Java\apache-maven-3.9.4\mvn_repo\io\opentracing\opentracing-noop\0.33.0\opentracing-noop-0.33.0.jar;C:\Users\LYZ\Java\apache-maven-3.9.4\mvn_repo\com\aliyun\aliyun-java-sdk-ram\3.1.0\aliyun-java-sdk-ram-3.1.0.jar;C:\Users\LYZ\Java\apache-maven-3.9.4\mvn_repo\com\aliyun\aliyun-java-sdk-kms\2.11.0\aliyun-java-sdk-kms-2.11.0.jar;C:\Users\LYZ\Java\apache-maven-3.9.4\mvn_repo\javax\xml\bind\jaxb-api\2.3.1\jaxb-api-2.3.1.jar;C:\Users\LYZ\Java\apache-maven-3.9.4\mvn_repo\javax\activation\javax.activation-api\1.2.0\javax.activation-api-1.2.0.jar;C:\Users\LYZ\Java\apache-maven-3.9.4\mvn_repo\javax\activation\activation\1.1.1\activation-1.1.1.jar;C:\Users\LYZ\Java\apache-maven-3.9.4\mvn_repo\org\glassfish\jaxb\jaxb-runtime\2.3.3\jaxb-runtime-2.3.3.jar;C:\Users\LYZ\Java\apache-maven-3.9.4\mvn_repo\org\glassfish\jaxb\txw2\4.0.5\txw2-4.0.5.jar;C:\Users\LYZ\Java\apache-maven-3.9.4\mvn_repo\com\sun\istack\istack-commons-runtime\4.1.2\istack-commons-runtime-4.1.2.jar;C:\Users\LYZ\Java\apache-maven-3.9.4\mvn_repo\com\sun\activation\jakarta.activation\1.2.2\jakarta.activation-1.2.2.jar;C:\Users\LYZ\Java\apache-maven-3.9.4\mvn_repo\org\springframework\boot\spring-boot-configuration-processor\3.2.5\spring-boot-configuration-processor-3.2.5.jar;C:\Users\LYZ\Java\apache-maven-3.9.4\mvn_repo\org\projectlombok\lombok\1.18.32\lombok-1.18.32.jar;"/>
    <property name="sun.cpu.endian" value="little"/>
    <property name="user.home" value="C:\Users\LYZ"/>
    <property name="user.language" value="zh"/>
    <property name="java.specification.vendor" value="Oracle Corporation"/>
    <property name="java.version.date" value="2023-01-17"/>
    <property name="java.home" value="C:\Users\LYZ\Java\JDK\jdk17"/>
    <property name="file.separator" value="\"/>
    <property name="basedir" value="C:\Users\LYZ\IdeaProjects\springboot"/>
    <property name="java.vm.compressedOopsMode" value="Zero based"/>
    <property name="line.separator" value="&#10;"/>
    <property name="java.vm.specification.vendor" value="Oracle Corporation"/>
    <property name="java.specification.name" value="Java Platform API Specification"/>
    <property name="FILE_LOG_CHARSET" value="GBK"/>
    <property name="java.awt.headless" value="true"/>
    <property name="surefire.real.class.path" value="C:\Windows\Temp\surefire631760908580826370\surefirebooter-20240528170548245_3.jar"/>
    <property name="user.script" value=""/>
    <property name="sun.management.compiler" value="HotSpot 64-Bit Tiered Compilers"/>
    <property name="java.runtime.version" value="17.0.6+9-LTS-190"/>
    <property name="user.name" value="梁一舟"/>
    <property name="path.separator" value=";"/>
    <property name="os.version" value="10.0"/>
    <property name="java.runtime.name" value="Java(TM) SE Runtime Environment"/>
    <property name="file.encoding" value="GBK"/>
    <property name="java.vm.name" value="Java HotSpot(TM) 64-Bit Server VM"/>
    <property name="localRepository" value="C:\Users\LYZ\Java\apache-maven-3.9.4\mvn_repo"/>
    <property name="java.vendor.url.bug" value="https://bugreport.java.com/bugreport/"/>
    <property name="java.io.tmpdir" value="C:\windows\TEMP\"/>
    <property name="idea.version" value="2024.1.2"/>
    <property name="java.version" value="17.0.6"/>
    <property name="user.dir" value="C:\Users\LYZ\IdeaProjects\springboot"/>
    <property name="os.arch" value="amd64"/>
    <property name="java.vm.specification.name" value="Java Virtual Machine Specification"/>
    <property name="PID" value="3892"/>
    <property name="sun.os.patch.level" value=""/>
    <property name="CONSOLE_LOG_CHARSET" value="GBK"/>
    <property name="native.encoding" value="GBK"/>
    <property name="java.library.path" value="C:\Users\LYZ\Java\JDK\jdk17\bin;C:\windows\Sun\Java\bin;C:\windows\system32;C:\windows;C:\Program Files\Eclipse Adoptium\jdk-17.0.8.7-hotspot\bin;C:\Users\LYZ\database\bin;C:\Users\LYZ\Java\JDK\jdk17\bin;C:\Program Files\Common Files\Oracle\Java\javapath;C:\windows\system32;C:\Users\LYZ\Java\apache-maven-3.9.4\bin;C:\Program Files\MySQL\MySQL Server 8.0\bin;C:\Program Files\PlasticSCM5\server;C:\Program Files\PlasticSCM5\client;C:\windows;C:\windows\System32\Wbem;C:\windows\System32\WindowsPowerShell\v1.0\;C:\windows\System32\OpenSSH\;C:\Program Files (x86)\NVIDIA Corporation\PhysX\Common;C:\Program Files\NVIDIA Corporation\NVIDIA NvDLISR;C:\Program Files\Microsoft SQL Server\120\Tools\Binn\;C:\Program Files\Git\cmd;C:\Program Files\dotnet\;C:\Program Files\Microsoft SQL Server\150\Tools\Binn\;C:\Program Files\Microsoft SQL Server\Client SDK\ODBC\170\Tools\Binn\;C:\Program Files\Microsoft SQL Server\160\Tools\Binn\;C:\Program Files\Microsoft SQL Server\160\DTS\Binn\;C:\Program Files (x86)\Microsoft SQL Server\160\DTS\Binn\;C:\Program Files\Azure Data Studio\bin;C:\Users\LYZ\nodeAndnvm\nvm;C:\Users\LYZ\nodeAndnvm\nodejs;C:\Program Files\Go\bin;C:\Users\LYZ\AppData\Local\Programs\Python\Python311\python.exe;;C:\Program Files\Docker\Docker\resources\bin;C:\Program Files\MySQL\MySQL Shell 8.1\bin\;C:\Users\LYZ\AppData\Local\Programs\Python\Python311\Scripts\;C:\Users\LYZ\AppData\Local\Programs\Python\Python311\;C:\Program Files\MySQL\MySQL Shell 8.0\bin\;C:\Users\LYZ\Redis\redis-3.2.100;C:\Users\LYZ\AppData\Local\Microsoft\WindowsApps;C:\Users\LYZ\SQLPlus\instantclient_21_9;C:\Users\LYZ\AppData\Local\JetBrains\IntelliJ IDEA 2023.1\bin;C:\Users\LYZ\Java\JDK\jdk11\bin;C:\Users\LYZ\.dotnet\tools;C:\Users\LYZ\AppData\Local\JetBrains\Toolbox\scripts;C:\Program Files\Graphviz\bin;C:\Users\LYZ\AppData\Local\JetBrains\IntelliJ IDEA 2023.1.2\bin;C:\Users\LYZ\AppData\Local\Programs\Microsoft VS Code\bin;C:\Users\LYZ\nodeAndnvm\nodejs\v20.4.0\node_modules\npm\bin;C:\Users\LYZ\go\bin;C:\Program Files\JetBrains\GoLand 2023.1.3\bin;."/>
    <property name="java.vm.info" value="mixed mode, sharing"/>
    <property name="java.vendor" value="Oracle Corporation"/>
    <property name="java.vm.version" value="17.0.6+9-LTS-190"/>
    <property name="sun.io.unicode.encoding" value="UnicodeLittle"/>
    <property name="java.class.version" value="61.0"/>
    <property name="LOGGED_APPLICATION_NAME" value="[springboot] "/>
  </properties>
  <testcase name="uploadFile" classname="com.example.SpringbootApplicationTests" time="1.901">
    <system-out><![CDATA[17:05:49.141 [main] INFO org.springframework.test.context.support.AnnotationConfigContextLoaderUtils -- Could not detect default configuration classes for test class [com.example.SpringbootApplicationTests]: SpringbootApplicationTests does not declare any static, non-private, non-final, nested classes annotated with @Configuration.
17:05:49.266 [main] INFO org.springframework.boot.test.context.SpringBootTestContextBootstrapper -- Found @SpringBootConfiguration com.example.SpringbootApplication for test class com.example.SpringbootApplicationTests

  .   ____          _            __ _ _
 /\\ / ___'_ __ _ _(_)_ __  __ _ \ \ \ \
( ( )\___ | '_ | '_| | '_ \/ _` | \ \ \ \
 \\/  ___)| |_)| | | | | || (_| |  ) ) ) )
  '  |____| .__|_| |_|_| |_\__, | / / / /
 =========|_|==============|___/=/_/_/_/
 :: Spring Boot ::                (v3.2.5)

2024-05-28T17:05:49.749+08:00  INFO 3892 --- [springboot] [           main] com.example.SpringbootApplicationTests   : Starting SpringbootApplicationTests using Java 17.0.6 with PID 3892 (started by 梁一舟 in C:\Users\LYZ\IdeaProjects\springboot)
2024-05-28T17:05:49.751+08:00  INFO 3892 --- [springboot] [           main] com.example.SpringbootApplicationTests   : No active profile set, falling back to 1 default profile: "default"
2024-05-28T17:05:51.067+08:00  INFO 3892 --- [springboot] [           main] com.example.SpringbootApplicationTests   : Started SpringbootApplicationTests in 1.589 seconds (process running for 2.658)
]]></system-out>
  </testcase>
</testsuite>